\BOOKMARK [0][-]{chapter.1}{Introduction}{}% 1
\BOOKMARK [0][-]{chapter.2}{Preliminaries}{}% 2
\BOOKMARK [1][-]{section.2.1}{Statistics}{chapter.2}% 3
\BOOKMARK [2][-]{subsection.2.1.1}{The\040standard\040deviation\040test}{section.2.1}% 4
\BOOKMARK [2][-]{subsection.2.1.2}{The\040interquartile\040range\040method}{section.2.1}% 5
\BOOKMARK [2][-]{subsection.2.1.3}{Analysis\040of\040variance}{section.2.1}% 6
\BOOKMARK [1][-]{section.2.2}{Machine\040Learning}{chapter.2}% 7
\BOOKMARK [2][-]{subsection.2.2.1}{K-means\040Clustering}{section.2.2}% 8
\BOOKMARK [2][-]{subsection.2.2.2}{Hierarchical\040clustering}{section.2.2}% 9
\BOOKMARK [3][-]{subsubsection.2.2.2.1}{Distance\040metrics}{subsection.2.2.2}% 10
\BOOKMARK [3][-]{subsubsection.2.2.2.2}{Linkage\040Criteria}{subsection.2.2.2}% 11
\BOOKMARK [2][-]{subsection.2.2.3}{Feature\040Selection}{section.2.2}% 12
\BOOKMARK [1][-]{section.2.3}{Deep\040Learning}{chapter.2}% 13
\BOOKMARK [2][-]{subsection.2.3.1}{Neural\040Networks}{section.2.3}% 14
\BOOKMARK [2][-]{subsection.2.3.2}{Activation\040functions}{section.2.3}% 15
\BOOKMARK [2][-]{subsection.2.3.3}{Regularization}{section.2.3}% 16
\BOOKMARK [2][-]{subsection.2.3.4}{Optimization}{section.2.3}% 17
\BOOKMARK [0][-]{chapter.3}{Data\040Exploration}{}% 18
\BOOKMARK [1][-]{section.3.1}{Data\040Representation}{chapter.3}% 19
\BOOKMARK [1][-]{section.3.2}{Balancing\040the\040Data}{chapter.3}% 20
\BOOKMARK [1][-]{section.3.3}{Feature\040Selection\040and\040Visual\040Analysis}{chapter.3}% 21
\BOOKMARK [2][-]{subsection.3.3.1}{The\040frequency\040criterion}{section.3.3}% 22
\BOOKMARK [2][-]{subsection.3.3.2}{The\040standard\040deviation\040test}{section.3.3}% 23
\BOOKMARK [2][-]{subsection.3.3.3}{The\040Interquartile\040range\040method}{section.3.3}% 24
\BOOKMARK [2][-]{subsection.3.3.4}{Hierarchical\040clustering}{section.3.3}% 25
\BOOKMARK [2][-]{subsection.3.3.5}{K-means\040clustering}{section.3.3}% 26
\BOOKMARK [1][-]{section.3.4}{Post\040analytical\040feature\040extraction}{chapter.3}% 27
\BOOKMARK [0][-]{chapter.4}{Applying\040the\040Data}{}% 28
\BOOKMARK [0][-]{chapter.5}{Conclusion}{}% 29
\BOOKMARK [0][-]{section*.28}{Appendices}{}% 30
\BOOKMARK [0][-]{appendix.1.A}{Feature\040Selection}{}% 31
\BOOKMARK [0][-]{appendix.1.B}{Spectral\040Images\040For\040Outlier\040Detection}{}% 32
\BOOKMARK [0][-]{appendix.1.C}{Confusion\040matrix\040from\040model\040predictions}{}% 33
\BOOKMARK [0][-]{appendix.1.D}{Pre-Processing\040Pipeline}{}% 34
\BOOKMARK [0][-]{appendix.1.E}{Model\040Architecture}{}% 35
